<?xml version='1.0' encoding='UTF-8'?>
<testsuite hostname="DESKTOP-0JOIK4G" name="calvin.MainSpec" tests="1" errors="0" failures="0" skipped="0" time="7.031" timestamp="2019-06-03T11:58:43">
                     <properties>
[...]
</properties>
                     <testcase classname="calvin.MainSpec" name="money should be the same after transactions" time="7.031">
                                                 
                                               </testcase>
                     <system-out><![CDATA[]]></system-out>
                     <system-err><![CDATA[]]></system-err>
                   </testsuite>